<?xml version="1.0" encoding="UTF-8"?>
<!-- Generated by org.testng.reporters.JUnitXMLReporter -->
<testsuite hostname="LAPTOP-STO606QM" ignored="2" name="API Autpmation concepts" tests="3" failures="1" timestamp="2020-08-23T23:43:55 IST" time="4.197" errors="0">
  <testcase name="verifyGetUsersSC" time="3.209" classname="APITestConcept.NewTest">
    <skipped/>
  </testcase> <!-- verifyGetUsersSC -->
  <testcase name="verifyGetUsersSC" time="0.447" classname="APITestConcept.NewTest">
    <skipped/>
  </testcase> <!-- verifyGetUsersSC -->
  <testcase name="verifyGetUsersSC" time="0.475" classname="APITestConcept.NewTest">
    <failure type="java.lang.AssertionError" message="expected [201] but found [200]">
      <![CDATA[java.lang.AssertionError: expected [201] but found [200]
at APITestConcept.NewTest.verifyGetUsersSC(NewTest.java:35)
at java.util.ArrayList.forEach(Unknown Source)
... Removed 32 stack frames]]>
    </failure>
  </testcase> <!-- verifyGetUsersSC -->
  <testcase name="@BeforeSuite config" time="0.0" classname="com.automation.util.BaseTest">
    <ignored/>
  </testcase> <!-- @BeforeSuite config -->
  <testcase name="@AfterSuite endReport" time="0.0" classname="com.automation.util.BaseTest">
    <ignored/>
  </testcase> <!-- @AfterSuite endReport -->
</testsuite> <!-- API Autpmation concepts -->
