<?xml version="1.0" encoding="UTF-8"?>
<!-- Generated by org.testng.reporters.JUnitReportReporter -->
<testsuite skipped="0" hostname="LAPTOP-STO606QM" name="APITestConcept.NewTest" tests="20" failures="1" timestamp="2020-08-24T00:16:11 IST" time="16.692" errors="0">
  <testcase name="validatePost" time="0.820" classname="APITestConcept.NewTest"/>
  <system-out/>
  <testcase name="verifyCompanyUID2" time="0.503" classname="APITestConcept.NewTest"/>
  <system-out/>
  <testcase name="verifyStatusCodeDelete" time="1.005" classname="APITestConcept.NewTest"/>
  <system-out/>
  <testcase name="displayRequestBody" time="3.943" classname="APITestConcept.NewTest"/>
  <system-out/>
  <testcase name="validateHeaderPost" time="1.034" classname="APITestConcept.NewTest"/>
  <system-out/>
  <testcase name="verifyGetUsersSC" time="0.421" classname="APITestConcept.NewTest">
    <failure type="java.lang.AssertionError" message="expected [201] but found [200]">
      <![CDATA[java.lang.AssertionError: expected [201] but found [200]
at org.testng.Assert.fail(Assert.java:97)
at org.testng.Assert.assertEqualsImpl(Assert.java:136)
at org.testng.Assert.assertEquals(Assert.java:118)
at org.testng.Assert.assertEquals(Assert.java:839)
at org.testng.Assert.assertEquals(Assert.java:849)
at APITestConcept.NewTest.verifyGetUsersSC(NewTest.java:36)
at sun.reflect.NativeMethodAccessorImpl.invoke0(Native Method)
at sun.reflect.NativeMethodAccessorImpl.invoke(Unknown Source)
at sun.reflect.DelegatingMethodAccessorImpl.invoke(Unknown Source)
at java.lang.reflect.Method.invoke(Unknown Source)
at org.testng.internal.MethodInvocationHelper.invokeMethod(MethodInvocationHelper.java:135)
at org.testng.internal.TestInvoker.invokeMethod(TestInvoker.java:598)
at org.testng.internal.TestInvoker.invokeTestMethod(TestInvoker.java:174)
at org.testng.internal.MethodRunner.runInSequence(MethodRunner.java:46)
at org.testng.internal.TestInvoker$MethodInvocationAgent.invoke(TestInvoker.java:821)
at org.testng.internal.TestInvoker.invokeTestMethods(TestInvoker.java:147)
at org.testng.internal.TestMethodWorker.invokeTestMethods(TestMethodWorker.java:146)
at org.testng.internal.TestMethodWorker.run(TestMethodWorker.java:128)
at java.util.ArrayList.forEach(Unknown Source)
at org.testng.TestRunner.privateRun(TestRunner.java:767)
at org.testng.TestRunner.run(TestRunner.java:588)
at org.testng.SuiteRunner.runTest(SuiteRunner.java:384)
at org.testng.SuiteRunner.runSequentially(SuiteRunner.java:378)
at org.testng.SuiteRunner.privateRun(SuiteRunner.java:337)
at org.testng.SuiteRunner.run(SuiteRunner.java:286)
at org.testng.SuiteRunnerWorker.runSuite(SuiteRunnerWorker.java:53)
at org.testng.SuiteRunnerWorker.run(SuiteRunnerWorker.java:96)
at org.testng.TestNG.runSuitesSequentially(TestNG.java:1214)
at org.testng.TestNG.runSuitesLocally(TestNG.java:1136)
at org.testng.TestNG.runSuites(TestNG.java:1066)
at org.testng.TestNG.run(TestNG.java:1034)
at org.testng.remote.AbstractRemoteTestNG.run(AbstractRemoteTestNG.java:115)
at org.testng.remote.RemoteTestNG.initAndRun(RemoteTestNG.java:251)
at org.testng.remote.RemoteTestNG.main(RemoteTestNG.java:77)
]]>
    </failure>
  </testcase> <!-- verifyGetUsersSC -->
  <system-out/>
  <testcase name="useOfMap" time="0.519" classname="APITestConcept.NewTest"/>
  <system-out/>
  <testcase name="verifyListOfData" time="0.462" classname="APITestConcept.NewTest"/>
  <system-out/>
  <testcase name="useOfQueryParam" time="0.459" classname="APITestConcept.NewTest"/>
  <system-out/>
  <testcase name="useOfPathParam" time="0.452" classname="APITestConcept.NewTest"/>
  <system-out/>
  <testcase name="verifyEmailUID2" time="0.480" classname="APITestConcept.NewTest"/>
  <system-out/>
  <testcase name="getFirstNameOfSecondData" time="0.601" classname="APITestConcept.NewTest"/>
  <system-out/>
  <testcase name="useOfHeaderConcept" time="0.493" classname="APITestConcept.NewTest"/>
  <system-out/>
  <testcase name="verifyGivenFailedEndPoint" time="0.875" classname="APITestConcept.NewTest"/>
  <system-out/>
  <testcase name="verifyPerPageValue" time="0.437" classname="APITestConcept.NewTest"/>
  <system-out/>
  <testcase name="getLastNameOfSecondData" time="0.610" classname="APITestConcept.NewTest"/>
  <system-out/>
  <testcase name="searchyFirstname" time="0.449" classname="APITestConcept.NewTest"/>
  <system-out/>
  <testcase name="verifyInvalidURL" time="0.942" classname="APITestConcept.NewTest"/>
  <system-out/>
  <testcase name="getEmailOfSecondData" time="1.311" classname="APITestConcept.NewTest"/>
  <system-out/>
  <testcase name="validatePostWithPojoClass" time="0.876" classname="APITestConcept.NewTest"/>
  <system-out/>
</testsuite> <!-- APITestConcept.NewTest -->
